生成启动时间为 2018/10/25 星期四 22:11:55。
     1>项目“E:\MFC_code\360safe\360safe.vcxproj”在节点 2 上(build 个目标)。
     1>InitializeBuildStatus:
         正在创建“Release\360safe.unsuccessfulbuild”，因为已指定“AlwaysCreate”。
       CustomBuild:
         Moc'ing about_us.h...
         Moc'ing account_item.h...
         Moc'ing change_skin_widget.h...
         Moc'ing character_widget.h...
         Moc'ing clabel.h...
         Moc'ing push_button.h...
         Moc'ing title_widget.h...
         Moc'ing system_tray.h...
         Moc'ing skin_widget.h...
         Moc'ing shadow_widget.h...
         Moc'ing setting_dialog.h...
         Moc'ing register_widget.h...
         Moc'ing msg_box.h...
         Moc'ing main_widget.h...
         Moc'ing main_menu.h...
         Moc'ing login_dialog.h...
         Moc'ing loading_widget.h...
         Moc'ing kill_mummy_widget.h...
         Moc'ing drop_shadow_widget.h...
         Moc'ing content_widget.h...
         Rcc'ing Resources\360safe.qrc...
       ClCompile:
         d:\vs2010_install\VC\bin\CL.exe /c /I.\GeneratedFiles /I. /IC:\Qt\vs2010\5.5\msvc2010\include /I.\GeneratedFiles\Release /IC:\Qt\vs2010\5.5\msvc2010\include\QtCore /IC:\Qt\vs2010\5.5\msvc2010\include\QtGui /IC:\Qt\vs2010\5.5\msvc2010\include\QtNetwork /IC:\Qt\vs2010\5.5\msvc2010\include\QtWidgets /I.\include\json /I.\AdditionalInlcude\boost /I.\AdditionalInlcude\src /nologo /W1 /WX- /O2 /Oy- /D UNICODE /D WIN32 /D WIN64 /D QT_DLL /D QT_NO_DEBUG /D NDEBUG /D QT_CORE_LIB /D QT_GUI_LIB /D QT_NETWORK_LIB /D QT_WIDGETS_LIB /Gm- /EHsc /MD /GS /fp:precise /Zc:wchar_t- /Zc:forScope /Fo"Release\\" /Fd"Release\vc100.pdb" /Gd /TP /analyze- /errorReport:prompt about_us.cpp account_item.cpp change_skin_widget.cpp character_widget.cpp clabel.cpp content_widget.cpp drop_shadow_widget.cpp GeneratedFiles\Release\moc_about_us.cpp GeneratedFiles\Release\moc_account_item.cpp GeneratedFiles\Release\moc_change_skin_widget.cpp GeneratedFiles\Release\moc_character_widget.cpp GeneratedFiles\Release\moc_clabel.cpp GeneratedFiles\Release\moc_content_widget.cpp GeneratedFiles\Release\moc_drop_shadow_widget.cpp GeneratedFiles\Release\moc_kill_mummy_widget.cpp GeneratedFiles\Release\moc_loading_widget.cpp GeneratedFiles\Release\moc_login_dialog.cpp GeneratedFiles\Release\moc_main_menu.cpp GeneratedFiles\Release\moc_main_widget.cpp GeneratedFiles\Release\moc_msg_box.cpp GeneratedFiles\Release\moc_push_button.cpp GeneratedFiles\Release\moc_register_widget.cpp GeneratedFiles\Release\moc_setting_dialog.cpp GeneratedFiles\Release\moc_shadow_widget.cpp GeneratedFiles\Release\moc_skin_widget.cpp GeneratedFiles\Release\moc_system_tray.cpp GeneratedFiles\Release\moc_title_widget.cpp kill_mummy_widget.cpp loading_widget.cpp login_dialog.cpp main.cpp main_menu.cpp main_widget.cpp msg_box.cpp push_button.cpp register_widget.cpp setting_dialog.cpp shadow_widget.cpp skin_widget.cpp system_tray.cpp title_widget.cpp tool_button.cpp util.cpp
         about_us.cpp
         account_item.cpp
         change_skin_widget.cpp
         character_widget.cpp
         clabel.cpp
         content_widget.cpp
         drop_shadow_widget.cpp
         moc_about_us.cpp
         moc_account_item.cpp
         moc_change_skin_widget.cpp
         moc_character_widget.cpp
         moc_clabel.cpp
         moc_content_widget.cpp
         moc_drop_shadow_widget.cpp
         moc_kill_mummy_widget.cpp
         moc_loading_widget.cpp
         moc_login_dialog.cpp
         moc_main_menu.cpp
         moc_main_widget.cpp
         moc_msg_box.cpp
         正在生成代码...
         正在编译...
         moc_push_button.cpp
         moc_register_widget.cpp
         moc_setting_dialog.cpp
         moc_shadow_widget.cpp
         moc_skin_widget.cpp
         moc_system_tray.cpp
         moc_title_widget.cpp
         kill_mummy_widget.cpp
         loading_widget.cpp
         login_dialog.cpp
         main.cpp
         main_menu.cpp
         main_widget.cpp
         msg_box.cpp
         push_button.cpp
         register_widget.cpp
         setting_dialog.cpp
         shadow_widget.cpp
         skin_widget.cpp
         system_tray.cpp
         正在生成代码...
         正在编译...
         title_widget.cpp
     1>title_widget.cpp : warning C4819: 该文件包含不能在当前代码页(936)中表示的字符。请将该文件保存为 Unicode 格式以防止数据丢失
         tool_button.cpp
         util.cpp
         正在生成代码...
         d:\vs2010_install\VC\bin\CL.exe /c /I.\GeneratedFiles /I. /IC:\Qt\vs2010\5.5\msvc2010\include /I.\GeneratedFiles\Release /IC:\Qt\vs2010\5.5\msvc2010\include\QtCore /IC:\Qt\vs2010\5.5\msvc2010\include\QtGui /IC:\Qt\vs2010\5.5\msvc2010\include\QtNetwork /IC:\Qt\vs2010\5.5\msvc2010\include\QtWidgets /I.\include\json /I.\AdditionalInlcude\boost /I.\AdditionalInlcude\src /nologo /W1 /WX- /O2 /Oy- /D UNICODE /D WIN32 /D WIN64 /D QT_DLL /D QT_NO_DEBUG /D NDEBUG /D QT_CORE_LIB /D QT_GUI_LIB /D QT_NETWORK_LIB /D QT_WIDGETS_LIB /Gm- /EHsc /MD /GS /fp:precise /Zc:wchar_t- /Zc:forScope /Fo"Release\\" /Fd"Release\vc100.pdb" /Gd /TP /analyze- /errorReport:prompt GeneratedFiles\qrc_360safe.cpp
         qrc_360safe.cpp
       Link:
         d:\vs2010_install\VC\bin\link.exe /ERRORREPORT:PROMPT /OUT:"E:\MFC_code\360safe\Win32\Release\\360safe.exe" /NOLOGO /LIBPATH:C:\Qt\vs2010\5.5\msvc2010\lib /LIBPATH:..\Lib qtmain.lib Qt5Core.lib Qt5Gui.lib Qt5Network.lib Qt5Widgets.lib SkinSEu.lib SensAPI.lib Shlwapi.lib Dbghelp.lib Iphlpapi.lib WinIo.lib version.lib setupapi.lib Rpcrt4.lib libcurl_imp.lib gdiplus.lib pdh.lib libthrift.lib libthriftnb.lib json_vc71_libmt.lib log4cppLIB.lib gtest.lib kernel32.lib user32.lib gdi32.lib winspool.lib comdlg32.lib advapi32.lib shell32.lib ole32.lib oleaut32.lib uuid.lib odbc32.lib odbccp32.lib /MANIFEST /ManifestFile:"Release\360safe.exe.intermediate.manifest" /MANIFESTUAC:"level='asInvoker' uiAccess='false'" /PDB:"E:\MFC_code\360safe\Win32\Release\360safe.pdb" /SUBSYSTEM:WINDOWS /TLBID:1 /DYNAMICBASE /NXCOMPAT /IMPLIB:"E:\MFC_code\360safe\Win32\Release\360safe.lib" /MACHINE:X86 Release\about_us.obj
         Release\account_item.obj
         Release\change_skin_widget.obj
         Release\character_widget.obj
         Release\clabel.obj
         Release\content_widget.obj
         Release\drop_shadow_widget.obj
         Release\qrc_360safe.obj
         Release\moc_about_us.obj
         Release\moc_account_item.obj
         Release\moc_change_skin_widget.obj
         Release\moc_character_widget.obj
         Release\moc_clabel.obj
         Release\moc_content_widget.obj
         Release\moc_drop_shadow_widget.obj
         Release\moc_kill_mummy_widget.obj
         Release\moc_loading_widget.obj
         Release\moc_login_dialog.obj
         Release\moc_main_menu.obj
         Release\moc_main_widget.obj
         Release\moc_msg_box.obj
         Release\moc_push_button.obj
         Release\moc_register_widget.obj
         Release\moc_setting_dialog.obj
         Release\moc_shadow_widget.obj
         Release\moc_skin_widget.obj
         Release\moc_system_tray.obj
         Release\moc_title_widget.obj
         Release\kill_mummy_widget.obj
         Release\loading_widget.obj
         Release\login_dialog.obj
         Release\main.obj
         Release\main_menu.obj
         Release\main_widget.obj
         Release\msg_box.obj
         Release\push_button.obj
         Release\register_widget.obj
         Release\setting_dialog.obj
         Release\shadow_widget.obj
         Release\skin_widget.obj
         Release\system_tray.obj
         Release\title_widget.obj
         Release\tool_button.obj
         Release\util.obj
         360safe.vcxproj -> E:\MFC_code\360safe\Win32\Release\360safe.exe
       Manifest:
         C:\Program Files (x86)\Microsoft SDKs\Windows\v7.0A\bin\mt.exe /nologo /verbose /outputresource:"E:\MFC_code\360safe\Win32\Release\\360safe.exe;#1" /manifest Release\360safe.exe.intermediate.manifest
       FinalizeBuildStatus:
         正在删除文件“Release\360safe.unsuccessfulbuild”。
         正在对“Release\360safe.lastbuildstate”执行 Touch 任务。
     1>已完成生成项目“E:\MFC_code\360safe\360safe.vcxproj”(build 个目标)的操作。

生成成功。

已用时间 00:01:35.27
