E:\MFC_CODE\360SAFE\GENERATEDFILES\QRC_360SAFE.CPP
E:\MFC_CODE\360SAFE\GENERATEDFILES\RELEASE\MOC_ABOUT_US.CPP
E:\MFC_CODE\360SAFE\GENERATEDFILES\RELEASE\MOC_ACCOUNT_ITEM.CPP
E:\MFC_CODE\360SAFE\GENERATEDFILES\RELEASE\MOC_CHANGE_SKIN_WIDGET.CPP
E:\MFC_CODE\360SAFE\GENERATEDFILES\RELEASE\MOC_CHARACTER_WIDGET.CPP
E:\MFC_CODE\360SAFE\GENERATEDFILES\RELEASE\MOC_CLABEL.CPP
E:\MFC_CODE\360SAFE\GENERATEDFILES\RELEASE\MOC_CONTENT_WIDGET.CPP
E:\MFC_CODE\360SAFE\GENERATEDFILES\RELEASE\MOC_DROP_SHADOW_WIDGET.CPP
E:\MFC_CODE\360SAFE\GENERATEDFILES\RELEASE\MOC_KILL_MUMMY_WIDGET.CPP
E:\MFC_CODE\360SAFE\GENERATEDFILES\RELEASE\MOC_LOADING_WIDGET.CPP
E:\MFC_CODE\360SAFE\GENERATEDFILES\RELEASE\MOC_LOGIN_DIALOG.CPP
E:\MFC_CODE\360SAFE\GENERATEDFILES\RELEASE\MOC_MAIN_MENU.CPP
E:\MFC_CODE\360SAFE\GENERATEDFILES\RELEASE\MOC_MAIN_WIDGET.CPP
E:\MFC_CODE\360SAFE\GENERATEDFILES\RELEASE\MOC_MSG_BOX.CPP
E:\MFC_CODE\360SAFE\GENERATEDFILES\RELEASE\MOC_PUSH_BUTTON.CPP
E:\MFC_CODE\360SAFE\GENERATEDFILES\RELEASE\MOC_REGISTER_WIDGET.CPP
E:\MFC_CODE\360SAFE\GENERATEDFILES\RELEASE\MOC_SETTING_DIALOG.CPP
E:\MFC_CODE\360SAFE\GENERATEDFILES\RELEASE\MOC_SHADOW_WIDGET.CPP
E:\MFC_CODE\360SAFE\GENERATEDFILES\RELEASE\MOC_SKIN_WIDGET.CPP
E:\MFC_CODE\360SAFE\GENERATEDFILES\RELEASE\MOC_SYSTEM_TRAY.CPP
E:\MFC_CODE\360SAFE\GENERATEDFILES\RELEASE\MOC_TITLE_WIDGET.CPP
E:\MFC_CODE\360SAFE\RELEASE\360SAFE.EXE.INTERMEDIATE.MANIFEST
E:\MFC_code\360safe\Release\360safe.vcxprojResolveAssemblyReference.cache
E:\MFC_code\360safe\Release\360safe.write.1.tlog
E:\MFC_CODE\360SAFE\RELEASE\ABOUT_US.OBJ
E:\MFC_CODE\360SAFE\RELEASE\ACCOUNT_ITEM.OBJ
E:\MFC_CODE\360SAFE\RELEASE\CHANGE_SKIN_WIDGET.OBJ
E:\MFC_CODE\360SAFE\RELEASE\CHARACTER_WIDGET.OBJ
E:\MFC_code\360safe\Release\cl.command.1.tlog
E:\MFC_code\360safe\Release\CL.read.1.tlog
E:\MFC_code\360safe\Release\CL.write.1.tlog
E:\MFC_CODE\360SAFE\RELEASE\CLABEL.OBJ
E:\MFC_CODE\360SAFE\RELEASE\CONTENT_WIDGET.OBJ
E:\MFC_code\360safe\Release\custombuild.command.1.tlog
E:\MFC_code\360safe\Release\custombuild.read.1.tlog
E:\MFC_code\360safe\Release\custombuild.write.1.tlog
E:\MFC_CODE\360SAFE\RELEASE\DROP_SHADOW_WIDGET.OBJ
E:\MFC_CODE\360SAFE\RELEASE\KILL_MUMMY_WIDGET.OBJ
E:\MFC_code\360safe\Release\link.command.1.tlog
E:\MFC_code\360safe\Release\link.read.1.tlog
E:\MFC_code\360safe\Release\link.write.1.tlog
E:\MFC_CODE\360SAFE\RELEASE\LOADING_WIDGET.OBJ
E:\MFC_CODE\360SAFE\RELEASE\LOGIN_DIALOG.OBJ
E:\MFC_CODE\360SAFE\RELEASE\MAIN.OBJ
E:\MFC_CODE\360SAFE\RELEASE\MAIN_MENU.OBJ
E:\MFC_CODE\360SAFE\RELEASE\MAIN_WIDGET.OBJ
E:\MFC_CODE\360SAFE\RELEASE\MOC_ABOUT_US.OBJ
E:\MFC_CODE\360SAFE\RELEASE\MOC_ACCOUNT_ITEM.OBJ
E:\MFC_CODE\360SAFE\RELEASE\MOC_CHANGE_SKIN_WIDGET.OBJ
E:\MFC_CODE\360SAFE\RELEASE\MOC_CHARACTER_WIDGET.OBJ
E:\MFC_CODE\360SAFE\RELEASE\MOC_CLABEL.OBJ
E:\MFC_CODE\360SAFE\RELEASE\MOC_CONTENT_WIDGET.OBJ
E:\MFC_CODE\360SAFE\RELEASE\MOC_DROP_SHADOW_WIDGET.OBJ
E:\MFC_CODE\360SAFE\RELEASE\MOC_KILL_MUMMY_WIDGET.OBJ
E:\MFC_CODE\360SAFE\RELEASE\MOC_LOADING_WIDGET.OBJ
E:\MFC_CODE\360SAFE\RELEASE\MOC_LOGIN_DIALOG.OBJ
E:\MFC_CODE\360SAFE\RELEASE\MOC_MAIN_MENU.OBJ
E:\MFC_CODE\360SAFE\RELEASE\MOC_MAIN_WIDGET.OBJ
E:\MFC_CODE\360SAFE\RELEASE\MOC_MSG_BOX.OBJ
E:\MFC_CODE\360SAFE\RELEASE\MOC_PUSH_BUTTON.OBJ
E:\MFC_CODE\360SAFE\RELEASE\MOC_REGISTER_WIDGET.OBJ
E:\MFC_CODE\360SAFE\RELEASE\MOC_SETTING_DIALOG.OBJ
E:\MFC_CODE\360SAFE\RELEASE\MOC_SHADOW_WIDGET.OBJ
E:\MFC_CODE\360SAFE\RELEASE\MOC_SKIN_WIDGET.OBJ
E:\MFC_CODE\360SAFE\RELEASE\MOC_SYSTEM_TRAY.OBJ
E:\MFC_CODE\360SAFE\RELEASE\MOC_TITLE_WIDGET.OBJ
E:\MFC_CODE\360SAFE\RELEASE\MSG_BOX.OBJ
E:\MFC_code\360safe\Release\mt.command.1.tlog
E:\MFC_code\360safe\Release\mt.read.1.tlog
E:\MFC_code\360safe\Release\mt.write.1.tlog
E:\MFC_CODE\360SAFE\RELEASE\PUSH_BUTTON.OBJ
E:\MFC_CODE\360SAFE\RELEASE\QRC_360SAFE.OBJ
E:\MFC_CODE\360SAFE\RELEASE\REGISTER_WIDGET.OBJ
E:\MFC_CODE\360SAFE\RELEASE\SETTING_DIALOG.OBJ
E:\MFC_CODE\360SAFE\RELEASE\SHADOW_WIDGET.OBJ
E:\MFC_CODE\360SAFE\RELEASE\SKIN_WIDGET.OBJ
E:\MFC_CODE\360SAFE\RELEASE\SYSTEM_TRAY.OBJ
E:\MFC_CODE\360SAFE\RELEASE\TITLE_WIDGET.OBJ
E:\MFC_CODE\360SAFE\RELEASE\TOOL_BUTTON.OBJ
E:\MFC_CODE\360SAFE\RELEASE\UTIL.OBJ
E:\MFC_CODE\360SAFE\WIN32\RELEASE\360SAFE.EXE
