生成启动时间为 2018/10/25 星期四 13:58:37。
     1>项目“E:\MFC_code\360safe\360safe.vcxproj”在节点 2 上(build 个目标)。
     1>InitializeBuildStatus:
         正在创建“Debug\360safe.unsuccessfulbuild”，因为已指定“AlwaysCreate”。
       CustomBuild:
         所有输出均为最新。
       ClCompile:
         d:\vs2010_install\VC\bin\CL.exe /c /I.\GeneratedFiles /I. /IC:\Qt\vs2010\5.5\msvc2010\include /I.\GeneratedFiles\Debug /IC:\Qt\vs2010\5.5\msvc2010\include\QtCore /IC:\Qt\vs2010\5.5\msvc2010\include\QtGui /IC:\Qt\vs2010\5.5\msvc2010\include\QtNetwork /IC:\Qt\vs2010\5.5\msvc2010\include\QtWidgets /Zi /nologo /W1 /WX- /Od /Oy- /D UNICODE /D WIN32 /D WIN64 /D QT_DLL /D QT_CORE_LIB /D QT_GUI_LIB /D QT_NETWORK_LIB /D QT_WIDGETS_LIB /Gm- /EHsc /MDd /GS /fp:precise /Zc:wchar_t- /Zc:forScope /Fo"Debug\\" /Fd"Debug\vc100.pdb" /Gd /TP /analyze- /errorReport:prompt GeneratedFiles\Debug\moc_loading_widget.cpp GeneratedFiles\Debug\moc_login_dialog.cpp GeneratedFiles\Debug\moc_main_widget.cpp GeneratedFiles\Debug\moc_register_widget.cpp about_us.cpp kill_mummy_widget.cpp loading_widget.cpp login_dialog.cpp main.cpp main_widget.cpp msg_box.cpp register_widget.cpp setting_dialog.cpp skin_widget.cpp util.cpp
         moc_loading_widget.cpp
     1>e:\mfc_code\360safe\util.h(18): fatal error C1083: 无法打开包括文件:“Monitor.h”: No such file or directory
         moc_login_dialog.cpp
     1>e:\mfc_code\360safe\util.h(18): fatal error C1083: 无法打开包括文件:“Monitor.h”: No such file or directory
         moc_main_widget.cpp
     1>e:\mfc_code\360safe\util.h(18): fatal error C1083: 无法打开包括文件:“Monitor.h”: No such file or directory
         moc_register_widget.cpp
     1>e:\mfc_code\360safe\util.h(18): fatal error C1083: 无法打开包括文件:“Monitor.h”: No such file or directory
         about_us.cpp
     1>e:\mfc_code\360safe\util.h(18): fatal error C1083: 无法打开包括文件:“Monitor.h”: No such file or directory
         kill_mummy_widget.cpp
     1>已完成生成项目“E:\MFC_code\360safe\360safe.vcxproj”(build 个目标)的操作 - 失败。

生成失败。

已用时间 00:00:29.23
