E:\MFC_CODE\360SAFE\DEBUG\360SAFE.EXE.INTERMEDIATE.MANIFEST
E:\MFC_code\360safe\Debug\360safe.vcxprojResolveAssemblyReference.cache
E:\MFC_code\360safe\Debug\360safe.write.1.tlog
E:\MFC_CODE\360SAFE\DEBUG\ABOUT_US.OBJ
E:\MFC_CODE\360SAFE\DEBUG\ACCOUNT_ITEM.OBJ
E:\MFC_CODE\360SAFE\DEBUG\CHANGE_SKIN_WIDGET.OBJ
E:\MFC_CODE\360SAFE\DEBUG\CHARACTER_WIDGET.OBJ
E:\MFC_code\360safe\Debug\cl.command.1.tlog
E:\MFC_code\360safe\Debug\CL.read.1.tlog
E:\MFC_code\360safe\Debug\CL.write.1.tlog
E:\MFC_CODE\360SAFE\DEBUG\CLABEL.OBJ
E:\MFC_CODE\360SAFE\DEBUG\CONTENT_WIDGET.OBJ
E:\MFC_code\360safe\Debug\custombuild.command.1.tlog
E:\MFC_code\360safe\Debug\custombuild.read.1.tlog
E:\MFC_code\360safe\Debug\custombuild.write.1.tlog
E:\MFC_CODE\360SAFE\DEBUG\DROP_SHADOW_WIDGET.OBJ
E:\MFC_CODE\360SAFE\DEBUG\KILL_MUMMY_WIDGET.OBJ
E:\MFC_code\360safe\Debug\link.command.1.tlog
E:\MFC_code\360safe\Debug\link.read.1.tlog
E:\MFC_code\360safe\Debug\link.write.1.tlog
E:\MFC_CODE\360SAFE\DEBUG\LOADING_WIDGET.OBJ
E:\MFC_CODE\360SAFE\DEBUG\LOGIN_DIALOG.OBJ
E:\MFC_CODE\360SAFE\DEBUG\MAIN.OBJ
E:\MFC_CODE\360SAFE\DEBUG\MAIN_MENU.OBJ
E:\MFC_CODE\360SAFE\DEBUG\MAIN_WIDGET.OBJ
E:\MFC_CODE\360SAFE\DEBUG\MOC_ABOUT_US.OBJ
E:\MFC_CODE\360SAFE\DEBUG\MOC_ACCOUNT_ITEM.OBJ
E:\MFC_CODE\360SAFE\DEBUG\MOC_CHANGE_SKIN_WIDGET.OBJ
E:\MFC_CODE\360SAFE\DEBUG\MOC_CHARACTER_WIDGET.OBJ
E:\MFC_CODE\360SAFE\DEBUG\MOC_CLABEL.OBJ
E:\MFC_CODE\360SAFE\DEBUG\MOC_CONTENT_WIDGET.OBJ
E:\MFC_CODE\360SAFE\DEBUG\MOC_DROP_SHADOW_WIDGET.OBJ
E:\MFC_CODE\360SAFE\DEBUG\MOC_KILL_MUMMY_WIDGET.OBJ
E:\MFC_CODE\360SAFE\DEBUG\MOC_LOADING_WIDGET.OBJ
E:\MFC_CODE\360SAFE\DEBUG\MOC_LOGIN_DIALOG.OBJ
E:\MFC_CODE\360SAFE\DEBUG\MOC_MAIN_MENU.OBJ
E:\MFC_CODE\360SAFE\DEBUG\MOC_MAIN_WIDGET.OBJ
E:\MFC_CODE\360SAFE\DEBUG\MOC_MSG_BOX.OBJ
E:\MFC_CODE\360SAFE\DEBUG\MOC_PUSH_BUTTON.OBJ
E:\MFC_CODE\360SAFE\DEBUG\MOC_REGISTER_WIDGET.OBJ
E:\MFC_CODE\360SAFE\DEBUG\MOC_SETTING_DIALOG.OBJ
E:\MFC_CODE\360SAFE\DEBUG\MOC_SHADOW_WIDGET.OBJ
E:\MFC_CODE\360SAFE\DEBUG\MOC_SKIN_WIDGET.OBJ
E:\MFC_CODE\360SAFE\DEBUG\MOC_SYSTEM_TRAY.OBJ
E:\MFC_CODE\360SAFE\DEBUG\MOC_TITLE_WIDGET.OBJ
E:\MFC_CODE\360SAFE\DEBUG\MSG_BOX.OBJ
E:\MFC_code\360safe\Debug\mt.command.1.tlog
E:\MFC_code\360safe\Debug\mt.read.1.tlog
E:\MFC_code\360safe\Debug\mt.write.1.tlog
E:\MFC_CODE\360SAFE\DEBUG\PUSH_BUTTON.OBJ
E:\MFC_CODE\360SAFE\DEBUG\QRC_360SAFE.OBJ
E:\MFC_CODE\360SAFE\DEBUG\REGISTER_WIDGET.OBJ
E:\MFC_CODE\360SAFE\DEBUG\SETTING_DIALOG.OBJ
E:\MFC_CODE\360SAFE\DEBUG\SHADOW_WIDGET.OBJ
E:\MFC_CODE\360SAFE\DEBUG\SKIN_WIDGET.OBJ
E:\MFC_CODE\360SAFE\DEBUG\SYSTEM_TRAY.OBJ
E:\MFC_CODE\360SAFE\DEBUG\TITLE_WIDGET.OBJ
E:\MFC_CODE\360SAFE\DEBUG\TOOL_BUTTON.OBJ
E:\MFC_CODE\360SAFE\DEBUG\UTIL.OBJ
E:\MFC_CODE\360SAFE\DEBUG\VC100.PDB
E:\MFC_CODE\360SAFE\GENERATEDFILES\DEBUG\MOC_ABOUT_US.CPP
E:\MFC_CODE\360SAFE\GENERATEDFILES\DEBUG\MOC_ACCOUNT_ITEM.CPP
E:\MFC_CODE\360SAFE\GENERATEDFILES\DEBUG\MOC_CHANGE_SKIN_WIDGET.CPP
E:\MFC_CODE\360SAFE\GENERATEDFILES\DEBUG\MOC_CHARACTER_WIDGET.CPP
E:\MFC_CODE\360SAFE\GENERATEDFILES\DEBUG\MOC_CLABEL.CPP
E:\MFC_CODE\360SAFE\GENERATEDFILES\DEBUG\MOC_CONTENT_WIDGET.CPP
E:\MFC_CODE\360SAFE\GENERATEDFILES\DEBUG\MOC_DROP_SHADOW_WIDGET.CPP
E:\MFC_CODE\360SAFE\GENERATEDFILES\DEBUG\MOC_KILL_MUMMY_WIDGET.CPP
E:\MFC_CODE\360SAFE\GENERATEDFILES\DEBUG\MOC_LOADING_WIDGET.CPP
E:\MFC_CODE\360SAFE\GENERATEDFILES\DEBUG\MOC_LOGIN_DIALOG.CPP
E:\MFC_CODE\360SAFE\GENERATEDFILES\DEBUG\MOC_MAIN_MENU.CPP
E:\MFC_CODE\360SAFE\GENERATEDFILES\DEBUG\MOC_MAIN_WIDGET.CPP
E:\MFC_CODE\360SAFE\GENERATEDFILES\DEBUG\MOC_MSG_BOX.CPP
E:\MFC_CODE\360SAFE\GENERATEDFILES\DEBUG\MOC_PUSH_BUTTON.CPP
E:\MFC_CODE\360SAFE\GENERATEDFILES\DEBUG\MOC_REGISTER_WIDGET.CPP
E:\MFC_CODE\360SAFE\GENERATEDFILES\DEBUG\MOC_SETTING_DIALOG.CPP
E:\MFC_CODE\360SAFE\GENERATEDFILES\DEBUG\MOC_SHADOW_WIDGET.CPP
E:\MFC_CODE\360SAFE\GENERATEDFILES\DEBUG\MOC_SKIN_WIDGET.CPP
E:\MFC_CODE\360SAFE\GENERATEDFILES\DEBUG\MOC_SYSTEM_TRAY.CPP
E:\MFC_CODE\360SAFE\GENERATEDFILES\DEBUG\MOC_TITLE_WIDGET.CPP
E:\MFC_CODE\360SAFE\GENERATEDFILES\QRC_360SAFE.CPP
E:\MFC_CODE\360SAFE\WIN32\DEBUG\360SAFE.EXE
E:\MFC_CODE\360SAFE\WIN32\DEBUG\360SAFE.ILK
E:\MFC_CODE\360SAFE\WIN32\DEBUG\360SAFE.PDB
E:\PROGRAM CODE\VISUAL STUDIO\PROJECTS\360SAFE\DEBUG\360SAFE.EXE.INTERMEDIATE.MANIFEST
E:\PROGRAM CODE\VISUAL STUDIO\PROJECTS\360SAFE\DEBUG\ABOUT_US.OBJ
E:\PROGRAM CODE\VISUAL STUDIO\PROJECTS\360SAFE\DEBUG\ACCOUNT_ITEM.OBJ
E:\PROGRAM CODE\VISUAL STUDIO\PROJECTS\360SAFE\DEBUG\CHANGE_SKIN_WIDGET.OBJ
E:\PROGRAM CODE\VISUAL STUDIO\PROJECTS\360SAFE\DEBUG\CHARACTER_WIDGET.OBJ
E:\PROGRAM CODE\VISUAL STUDIO\PROJECTS\360SAFE\DEBUG\CLABEL.OBJ
E:\PROGRAM CODE\VISUAL STUDIO\PROJECTS\360SAFE\DEBUG\CONTENT_WIDGET.OBJ
E:\PROGRAM CODE\VISUAL STUDIO\PROJECTS\360SAFE\DEBUG\DROP_SHADOW_WIDGET.OBJ
E:\PROGRAM CODE\VISUAL STUDIO\PROJECTS\360SAFE\DEBUG\KILL_MUMMY_WIDGET.OBJ
E:\PROGRAM CODE\VISUAL STUDIO\PROJECTS\360SAFE\DEBUG\LOADING_WIDGET.OBJ
E:\PROGRAM CODE\VISUAL STUDIO\PROJECTS\360SAFE\DEBUG\LOGIN_DIALOG.OBJ
E:\PROGRAM CODE\VISUAL STUDIO\PROJECTS\360SAFE\DEBUG\MAIN.OBJ
E:\PROGRAM CODE\VISUAL STUDIO\PROJECTS\360SAFE\DEBUG\MAIN_MENU.OBJ
E:\PROGRAM CODE\VISUAL STUDIO\PROJECTS\360SAFE\DEBUG\MAIN_WIDGET.OBJ
E:\PROGRAM CODE\VISUAL STUDIO\PROJECTS\360SAFE\DEBUG\MOC_ABOUT_US.OBJ
E:\PROGRAM CODE\VISUAL STUDIO\PROJECTS\360SAFE\DEBUG\MOC_ACCOUNT_ITEM.OBJ
E:\PROGRAM CODE\VISUAL STUDIO\PROJECTS\360SAFE\DEBUG\MOC_CHANGE_SKIN_WIDGET.OBJ
E:\PROGRAM CODE\VISUAL STUDIO\PROJECTS\360SAFE\DEBUG\MOC_CHARACTER_WIDGET.OBJ
E:\PROGRAM CODE\VISUAL STUDIO\PROJECTS\360SAFE\DEBUG\MOC_CLABEL.OBJ
E:\PROGRAM CODE\VISUAL STUDIO\PROJECTS\360SAFE\DEBUG\MOC_CONTENT_WIDGET.OBJ
E:\PROGRAM CODE\VISUAL STUDIO\PROJECTS\360SAFE\DEBUG\MOC_DROP_SHADOW_WIDGET.OBJ
E:\PROGRAM CODE\VISUAL STUDIO\PROJECTS\360SAFE\DEBUG\MOC_KILL_MUMMY_WIDGET.OBJ
E:\PROGRAM CODE\VISUAL STUDIO\PROJECTS\360SAFE\DEBUG\MOC_LOADING_WIDGET.OBJ
E:\PROGRAM CODE\VISUAL STUDIO\PROJECTS\360SAFE\DEBUG\MOC_LOGIN_DIALOG.OBJ
E:\PROGRAM CODE\VISUAL STUDIO\PROJECTS\360SAFE\DEBUG\MOC_MAIN_MENU.OBJ
E:\PROGRAM CODE\VISUAL STUDIO\PROJECTS\360SAFE\DEBUG\MOC_MAIN_WIDGET.OBJ
E:\PROGRAM CODE\VISUAL STUDIO\PROJECTS\360SAFE\DEBUG\MOC_MSG_BOX.OBJ
E:\PROGRAM CODE\VISUAL STUDIO\PROJECTS\360SAFE\DEBUG\MOC_PUSH_BUTTON.OBJ
E:\PROGRAM CODE\VISUAL STUDIO\PROJECTS\360SAFE\DEBUG\MOC_REGISTER_WIDGET.OBJ
E:\PROGRAM CODE\VISUAL STUDIO\PROJECTS\360SAFE\DEBUG\MOC_SETTING_DIALOG.OBJ
E:\PROGRAM CODE\VISUAL STUDIO\PROJECTS\360SAFE\DEBUG\MOC_SHADOW_WIDGET.OBJ
E:\PROGRAM CODE\VISUAL STUDIO\PROJECTS\360SAFE\DEBUG\MOC_SKIN_WIDGET.OBJ
E:\PROGRAM CODE\VISUAL STUDIO\PROJECTS\360SAFE\DEBUG\MOC_SYSTEM_TRAY.OBJ
E:\PROGRAM CODE\VISUAL STUDIO\PROJECTS\360SAFE\DEBUG\MOC_TITLE_WIDGET.OBJ
E:\PROGRAM CODE\VISUAL STUDIO\PROJECTS\360SAFE\DEBUG\MSG_BOX.OBJ
E:\PROGRAM CODE\VISUAL STUDIO\PROJECTS\360SAFE\DEBUG\PUSH_BUTTON.OBJ
E:\PROGRAM CODE\VISUAL STUDIO\PROJECTS\360SAFE\DEBUG\QRC_360SAFE.OBJ
E:\PROGRAM CODE\VISUAL STUDIO\PROJECTS\360SAFE\DEBUG\REGISTER_WIDGET.OBJ
E:\PROGRAM CODE\VISUAL STUDIO\PROJECTS\360SAFE\DEBUG\SETTING_DIALOG.OBJ
E:\PROGRAM CODE\VISUAL STUDIO\PROJECTS\360SAFE\DEBUG\SHADOW_WIDGET.OBJ
E:\PROGRAM CODE\VISUAL STUDIO\PROJECTS\360SAFE\DEBUG\SKIN_WIDGET.OBJ
E:\PROGRAM CODE\VISUAL STUDIO\PROJECTS\360SAFE\DEBUG\SYSTEM_TRAY.OBJ
E:\PROGRAM CODE\VISUAL STUDIO\PROJECTS\360SAFE\DEBUG\TITLE_WIDGET.OBJ
E:\PROGRAM CODE\VISUAL STUDIO\PROJECTS\360SAFE\DEBUG\TOOL_BUTTON.OBJ
E:\PROGRAM CODE\VISUAL STUDIO\PROJECTS\360SAFE\DEBUG\UTIL.OBJ
E:\PROGRAM CODE\VISUAL STUDIO\PROJECTS\360SAFE\DEBUG\VC100.PDB
E:\PROGRAM CODE\VISUAL STUDIO\PROJECTS\360SAFE\GENERATEDFILES\DEBUG\MOC_ABOUT_US.CPP
E:\PROGRAM CODE\VISUAL STUDIO\PROJECTS\360SAFE\GENERATEDFILES\DEBUG\MOC_ACCOUNT_ITEM.CPP
E:\PROGRAM CODE\VISUAL STUDIO\PROJECTS\360SAFE\GENERATEDFILES\DEBUG\MOC_CHANGE_SKIN_WIDGET.CPP
E:\PROGRAM CODE\VISUAL STUDIO\PROJECTS\360SAFE\GENERATEDFILES\DEBUG\MOC_CHARACTER_WIDGET.CPP
E:\PROGRAM CODE\VISUAL STUDIO\PROJECTS\360SAFE\GENERATEDFILES\DEBUG\MOC_CLABEL.CPP
E:\PROGRAM CODE\VISUAL STUDIO\PROJECTS\360SAFE\GENERATEDFILES\DEBUG\MOC_CONTENT_WIDGET.CPP
E:\PROGRAM CODE\VISUAL STUDIO\PROJECTS\360SAFE\GENERATEDFILES\DEBUG\MOC_DROP_SHADOW_WIDGET.CPP
E:\PROGRAM CODE\VISUAL STUDIO\PROJECTS\360SAFE\GENERATEDFILES\DEBUG\MOC_KILL_MUMMY_WIDGET.CPP
E:\PROGRAM CODE\VISUAL STUDIO\PROJECTS\360SAFE\GENERATEDFILES\DEBUG\MOC_LOADING_WIDGET.CPP
E:\PROGRAM CODE\VISUAL STUDIO\PROJECTS\360SAFE\GENERATEDFILES\DEBUG\MOC_LOGIN_DIALOG.CPP
E:\PROGRAM CODE\VISUAL STUDIO\PROJECTS\360SAFE\GENERATEDFILES\DEBUG\MOC_MAIN_MENU.CPP
E:\PROGRAM CODE\VISUAL STUDIO\PROJECTS\360SAFE\GENERATEDFILES\DEBUG\MOC_MAIN_WIDGET.CPP
E:\PROGRAM CODE\VISUAL STUDIO\PROJECTS\360SAFE\GENERATEDFILES\DEBUG\MOC_MSG_BOX.CPP
E:\PROGRAM CODE\VISUAL STUDIO\PROJECTS\360SAFE\GENERATEDFILES\DEBUG\MOC_PUSH_BUTTON.CPP
E:\PROGRAM CODE\VISUAL STUDIO\PROJECTS\360SAFE\GENERATEDFILES\DEBUG\MOC_REGISTER_WIDGET.CPP
E:\PROGRAM CODE\VISUAL STUDIO\PROJECTS\360SAFE\GENERATEDFILES\DEBUG\MOC_SETTING_DIALOG.CPP
E:\PROGRAM CODE\VISUAL STUDIO\PROJECTS\360SAFE\GENERATEDFILES\DEBUG\MOC_SHADOW_WIDGET.CPP
E:\PROGRAM CODE\VISUAL STUDIO\PROJECTS\360SAFE\GENERATEDFILES\DEBUG\MOC_SKIN_WIDGET.CPP
E:\PROGRAM CODE\VISUAL STUDIO\PROJECTS\360SAFE\GENERATEDFILES\DEBUG\MOC_SYSTEM_TRAY.CPP
E:\PROGRAM CODE\VISUAL STUDIO\PROJECTS\360SAFE\GENERATEDFILES\DEBUG\MOC_TITLE_WIDGET.CPP
E:\PROGRAM CODE\VISUAL STUDIO\PROJECTS\360SAFE\GENERATEDFILES\QRC_360SAFE.CPP
E:\PROGRAM CODE\VISUAL STUDIO\PROJECTS\360SAFE\WIN32\DEBUG\360SAFE.EXE
E:\PROGRAM CODE\VISUAL STUDIO\PROJECTS\360SAFE\WIN32\DEBUG\360SAFE.ILK
E:\PROGRAM CODE\VISUAL STUDIO\PROJECTS\360SAFE\WIN32\DEBUG\360SAFE.PDB
